2025-04-05 17:28:45,789 - [DEBUG] Gyro thread started.
2025-04-05 17:28:51,212 - [DEBUG] Buffer filling: 100/1000
2025-04-05 17:28:56,478 - [DEBUG] Buffer filling: 200/1000
2025-04-05 17:29:01,867 - [DEBUG] Buffer filling: 300/1000
2025-04-05 17:29:07,206 - [DEBUG] Buffer filling: 400/1000
2025-04-05 17:29:12,547 - [DEBUG] Buffer filling: 500/1000
2025-04-05 17:29:17,894 - [DEBUG] Buffer filling: 600/1000
2025-04-05 17:29:23,186 - [DEBUG] Buffer filling: 700/1000
2025-04-05 17:29:28,473 - [DEBUG] Buffer filling: 800/1000
2025-04-05 17:29:33,842 - [DEBUG] Buffer filling: 900/1000
2025-04-05 17:29:39,154 - [DEBUG] Buffer filling: 1000/1000
2025-04-05 17:29:40,000 - 2025-04-05 17:29:40 - Gyro Prediction: Fall, Confidence: 0.930756
2025-04-05 17:29:40,055 - [DEBUG] Buffer filling: 1000/1000
2025-04-05 17:29:40,313 - 2025-04-05 17:29:40 - Gyro Prediction: Fall, Confidence: 0.930756
2025-04-05 17:29:40,375 - [DEBUG] Buffer filling: 1000/1000
2025-04-05 17:29:40,669 - 2025-04-05 17:29:40 - Gyro Prediction: Fall, Confidence: 0.930756
2025-04-05 17:29:40,723 - [DEBUG] Buffer filling: 1000/1000
2025-04-05 17:29:40,993 - 2025-04-05 17:29:40 - Gyro Prediction: Fall, Confidence: 0.930756
2025-04-05 17:29:41,057 - [DEBUG] Buffer filling: 1000/1000
2025-04-05 17:29:41,301 - 2025-04-05 17:29:41 - Gyro Prediction: Fall, Confidence: 0.930756
2025-04-05 17:29:41,361 - [DEBUG] Buffer filling: 1000/1000
2025-04-05 17:29:41,640 - 2025-04-05 17:29:41 - Gyro Prediction: Fall, Confidence: 0.930756
2025-04-05 17:29:41,698 - [DEBUG] Buffer filling: 1000/1000
2025-04-05 17:29:41,945 - 2025-04-05 17:29:41 - Gyro Prediction: Fall, Confidence: 0.930756
2025-04-05 17:29:42,001 - [DEBUG] Buffer filling: 1000/1000
2025-04-05 17:29:42,314 - 2025-04-05 17:29:42 - Gyro Prediction: Fall, Confidence: 0.930756
2025-04-05 17:29:42,369 - [DEBUG] Buffer filling: 1000/1000
2025-04-05 17:29:42,635 - 2025-04-05 17:29:42 - Gyro Prediction: Fall, Confidence: 0.930756
2025-04-05 17:29:42,694 - [DEBUG] Buffer filling: 1000/1000
2025-04-05 17:29:42,947 - 2025-04-05 17:29:42 - Gyro Prediction: Fall, Confidence: 0.930756
2025-04-05 17:29:43,006 - [DEBUG] Buffer filling: 1000/1000
2025-04-05 17:29:43,307 - 2025-04-05 17:29:43 - Gyro Prediction: Fall, Confidence: 0.930756
2025-04-05 17:29:43,359 - [DEBUG] Buffer filling: 1000/1000
2025-04-05 17:29:43,659 - 2025-04-05 17:29:43 - Gyro Prediction: Fall, Confidence: 0.930756
2025-04-05 17:29:43,716 - [DEBUG] Buffer filling: 1000/1000
2025-04-05 17:29:43,987 - 2025-04-05 17:29:43 - Gyro Prediction: Fall, Confidence: 0.930756
2025-04-05 17:29:44,041 - [DEBUG] Buffer filling: 1000/1000
2025-04-05 17:29:44,306 - 2025-04-05 17:29:44 - Gyro Prediction: Fall, Confidence: 0.930755
2025-04-05 17:29:44,361 - [DEBUG] Buffer filling: 1000/1000
2025-04-05 17:29:44,626 - 2025-04-05 17:29:44 - Gyro Prediction: Fall, Confidence: 0.930755
2025-04-05 17:29:44,683 - [DEBUG] Buffer filling: 1000/1000
2025-04-05 17:29:44,944 - 2025-04-05 17:29:44 - Gyro Prediction: Fall, Confidence: 0.930755
2025-04-05 17:29:45,002 - [DEBUG] Buffer filling: 1000/1000
2025-04-05 17:29:45,257 - 2025-04-05 17:29:45 - Gyro Prediction: Fall, Confidence: 0.930755
2025-04-05 17:29:45,311 - [DEBUG] Buffer filling: 1000/1000
2025-04-05 17:29:45,574 - 2025-04-05 17:29:45 - Gyro Prediction: Fall, Confidence: 0.930755
2025-04-05 17:29:45,635 - [DEBUG] Buffer filling: 1000/1000
2025-04-05 17:29:45,902 - 2025-04-05 17:29:45 - Gyro Prediction: Fall, Confidence: 0.930755
2025-04-05 17:29:45,954 - [DEBUG] Buffer filling: 1000/1000
2025-04-05 17:29:46,225 - 2025-04-05 17:29:46 - Gyro Prediction: Fall, Confidence: 0.930755
2025-04-05 17:29:46,282 - [DEBUG] Buffer filling: 1000/1000
2025-04-05 17:29:46,557 - 2025-04-05 17:29:46 - Gyro Prediction: Fall, Confidence: 0.930755
2025-04-05 17:29:46,611 - [DEBUG] Buffer filling: 1000/1000
2025-04-05 17:29:46,878 - 2025-04-05 17:29:46 - Gyro Prediction: Fall, Confidence: 0.930755
2025-04-05 17:29:46,936 - [DEBUG] Buffer filling: 1000/1000
2025-04-05 17:29:47,190 - 2025-04-05 17:29:47 - Gyro Prediction: Fall, Confidence: 0.930755
2025-04-05 17:29:47,243 - [DEBUG] Buffer filling: 1000/1000
2025-04-05 17:29:47,502 - 2025-04-05 17:29:47 - Gyro Prediction: Fall, Confidence: 0.930754
2025-04-05 17:29:47,573 - [DEBUG] Buffer filling: 1000/1000
2025-04-05 17:29:47,886 - 2025-04-05 17:29:47 - Gyro Prediction: Fall, Confidence: 0.930754
2025-04-05 17:29:47,945 - [DEBUG] Buffer filling: 1000/1000
2025-04-05 17:29:48,241 - 2025-04-05 17:29:48 - Gyro Prediction: Fall, Confidence: 0.930754
2025-04-05 17:29:48,300 - [DEBUG] Buffer filling: 1000/1000
2025-04-05 17:29:48,594 - 2025-04-05 17:29:48 - Gyro Prediction: Fall, Confidence: 0.930754
2025-04-05 17:29:48,651 - [DEBUG] Buffer filling: 1000/1000
2025-04-05 17:29:48,912 - 2025-04-05 17:29:48 - Gyro Prediction: Fall, Confidence: 0.930754
2025-04-05 17:29:48,972 - [DEBUG] Buffer filling: 1000/1000
2025-04-05 17:29:49,238 - 2025-04-05 17:29:49 - Gyro Prediction: Fall, Confidence: 0.930754
2025-04-05 17:29:49,299 - [DEBUG] Buffer filling: 1000/1000
2025-04-05 17:29:49,561 - 2025-04-05 17:29:49 - Gyro Prediction: Fall, Confidence: 0.930754
2025-04-05 17:29:49,614 - [DEBUG] Buffer filling: 1000/1000
2025-04-05 17:29:49,961 - 2025-04-05 17:29:49 - Gyro Prediction: Fall, Confidence: 0.930754
2025-04-05 17:29:50,017 - [DEBUG] Buffer filling: 1000/1000
2025-04-05 17:29:50,295 - 2025-04-05 17:29:50 - Gyro Prediction: Fall, Confidence: 0.930754
2025-04-05 17:29:50,355 - [DEBUG] Buffer filling: 1000/1000
2025-04-05 17:29:50,631 - 2025-04-05 17:29:50 - Gyro Prediction: Fall, Confidence: 0.930754
2025-04-05 17:29:50,686 - [DEBUG] Buffer filling: 1000/1000
2025-04-05 17:29:50,960 - 2025-04-05 17:29:50 - Gyro Prediction: Fall, Confidence: 0.930754
2025-04-05 17:29:51,026 - [DEBUG] Buffer filling: 1000/1000
2025-04-05 17:29:51,293 - 2025-04-05 17:29:51 - Gyro Prediction: Fall, Confidence: 0.930754
2025-04-05 17:29:51,345 - [DEBUG] Buffer filling: 1000/1000
2025-04-05 17:29:51,598 - 2025-04-05 17:29:51 - Gyro Prediction: Fall, Confidence: 0.930754
2025-04-05 17:29:51,653 - [DEBUG] Buffer filling: 1000/1000
2025-04-05 17:29:51,926 - 2025-04-05 17:29:51 - Gyro Prediction: Fall, Confidence: 0.930754
2025-04-05 17:29:51,990 - [DEBUG] Buffer filling: 1000/1000
2025-04-05 17:29:52,247 - 2025-04-05 17:29:52 - Gyro Prediction: Fall, Confidence: 0.930754
2025-04-05 17:29:52,304 - [DEBUG] Buffer filling: 1000/1000
2025-04-05 17:29:52,574 - 2025-04-05 17:29:52 - Gyro Prediction: Fall, Confidence: 0.930754
2025-04-05 17:29:52,636 - [DEBUG] Buffer filling: 1000/1000
2025-04-05 17:29:53,012 - 2025-04-05 17:29:53 - Gyro Prediction: Fall, Confidence: 0.930754
2025-04-05 17:29:53,068 - [DEBUG] Buffer filling: 1000/1000
2025-04-05 17:29:53,342 - 2025-04-05 17:29:53 - Gyro Prediction: Fall, Confidence: 0.930754
2025-04-05 17:29:53,398 - [DEBUG] Buffer filling: 1000/1000
2025-04-05 17:29:53,690 - 2025-04-05 17:29:53 - Gyro Prediction: Fall, Confidence: 0.930754
2025-04-05 17:29:53,750 - [DEBUG] Buffer filling: 1000/1000
2025-04-05 17:29:54,016 - 2025-04-05 17:29:54 - Gyro Prediction: Fall, Confidence: 0.930754
2025-04-05 17:29:54,074 - [DEBUG] Buffer filling: 1000/1000
2025-04-05 17:29:54,408 - 2025-04-05 17:29:54 - Gyro Prediction: Fall, Confidence: 0.930754
2025-04-05 17:29:54,470 - [DEBUG] Buffer filling: 1000/1000
2025-04-05 17:29:54,795 - 2025-04-05 17:29:54 - Gyro Prediction: Fall, Confidence: 0.930754
2025-04-05 17:29:54,855 - [DEBUG] Buffer filling: 1000/1000
2025-04-05 17:29:55,216 - 2025-04-05 17:29:55 - Gyro Prediction: Fall, Confidence: 0.930754
2025-04-05 17:29:55,268 - [DEBUG] Buffer filling: 1000/1000
2025-04-05 17:29:55,541 - 2025-04-05 17:29:55 - Gyro Prediction: Fall, Confidence: 0.930754
2025-04-05 17:29:55,597 - [DEBUG] Buffer filling: 1000/1000
2025-04-05 17:29:55,881 - 2025-04-05 17:29:55 - Gyro Prediction: Fall, Confidence: 0.930754
2025-04-05 17:29:55,942 - [DEBUG] Buffer filling: 1000/1000
2025-04-05 17:29:56,213 - 2025-04-05 17:29:56 - Gyro Prediction: Fall, Confidence: 0.930754
2025-04-05 17:29:56,266 - [DEBUG] Buffer filling: 1000/1000
2025-04-05 17:29:56,527 - 2025-04-05 17:29:56 - Gyro Prediction: Fall, Confidence: 0.930754
2025-04-05 17:29:56,592 - [DEBUG] Buffer filling: 1000/1000
2025-04-05 17:29:56,857 - 2025-04-05 17:29:56 - Gyro Prediction: Fall, Confidence: 0.930754
2025-04-05 17:29:56,913 - [DEBUG] Buffer filling: 1000/1000
2025-04-05 17:29:57,193 - 2025-04-05 17:29:57 - Gyro Prediction: Fall, Confidence: 0.930754
2025-04-05 17:29:57,247 - [DEBUG] Buffer filling: 1000/1000
2025-04-05 17:29:57,543 - 2025-04-05 17:29:57 - Gyro Prediction: Fall, Confidence: 0.930754
2025-04-05 17:29:57,607 - [DEBUG] Buffer filling: 1000/1000
2025-04-05 17:29:57,905 - 2025-04-05 17:29:57 - Gyro Prediction: Fall, Confidence: 0.930754
2025-04-05 17:29:57,960 - [DEBUG] Buffer filling: 1000/1000
2025-04-05 17:29:58,229 - 2025-04-05 17:29:58 - Gyro Prediction: Fall, Confidence: 0.930754
2025-04-05 17:29:58,291 - [DEBUG] Buffer filling: 1000/1000
2025-04-05 17:29:58,563 - 2025-04-05 17:29:58 - Gyro Prediction: Fall, Confidence: 0.930754
2025-04-05 17:29:58,617 - [DEBUG] Buffer filling: 1000/1000
2025-04-05 17:29:58,890 - 2025-04-05 17:29:58 - Gyro Prediction: Fall, Confidence: 0.930754
2025-04-05 17:29:58,943 - [DEBUG] Buffer filling: 1000/1000
2025-04-05 17:29:59,231 - 2025-04-05 17:29:59 - Gyro Prediction: Fall, Confidence: 0.930754
2025-04-05 17:29:59,291 - [DEBUG] Buffer filling: 1000/1000
2025-04-05 17:29:59,576 - 2025-04-05 17:29:59 - Gyro Prediction: Fall, Confidence: 0.930755
2025-04-05 17:29:59,636 - [DEBUG] Buffer filling: 1000/1000
2025-04-05 17:29:59,931 - 2025-04-05 17:29:59 - Gyro Prediction: Fall, Confidence: 0.930755
2025-04-05 17:29:59,984 - [DEBUG] Buffer filling: 1000/1000
2025-04-05 17:30:00,243 - 2025-04-05 17:30:00 - Gyro Prediction: Fall, Confidence: 0.930755
2025-04-05 17:30:00,297 - [DEBUG] Buffer filling: 1000/1000
2025-04-05 17:30:00,567 - 2025-04-05 17:30:00 - Gyro Prediction: Fall, Confidence: 0.930755
2025-04-05 17:30:00,624 - [DEBUG] Buffer filling: 1000/1000
2025-04-05 17:30:00,950 - 2025-04-05 17:30:00 - Gyro Prediction: Fall, Confidence: 0.930755
2025-04-05 17:30:01,011 - [DEBUG] Buffer filling: 1000/1000
2025-04-05 17:30:01,280 - 2025-04-05 17:30:01 - Gyro Prediction: Fall, Confidence: 0.930755
2025-04-05 17:30:01,345 - [DEBUG] Buffer filling: 1000/1000
2025-04-05 17:30:01,619 - 2025-04-05 17:30:01 - Gyro Prediction: Fall, Confidence: 0.930755
2025-04-05 17:30:01,679 - [DEBUG] Buffer filling: 1000/1000
2025-04-05 17:30:02,016 - 2025-04-05 17:30:02 - Gyro Prediction: Fall, Confidence: 0.930755
2025-04-05 17:30:02,077 - [DEBUG] Buffer filling: 1000/1000
2025-04-05 17:30:02,364 - 2025-04-05 17:30:02 - Gyro Prediction: Fall, Confidence: 0.930755
2025-04-05 17:30:02,416 - [DEBUG] Buffer filling: 1000/1000
2025-04-05 17:30:02,710 - 2025-04-05 17:30:02 - Gyro Prediction: Fall, Confidence: 0.930755
2025-04-05 17:30:02,763 - [DEBUG] Buffer filling: 1000/1000
2025-04-05 17:30:03,034 - 2025-04-05 17:30:03 - Gyro Prediction: Fall, Confidence: 0.930755
2025-04-05 17:30:03,088 - [DEBUG] Buffer filling: 1000/1000
2025-04-05 17:30:03,358 - 2025-04-05 17:30:03 - Gyro Prediction: Fall, Confidence: 0.930755
2025-04-05 17:30:03,413 - [DEBUG] Buffer filling: 1000/1000
2025-04-05 17:30:03,665 - 2025-04-05 17:30:03 - Gyro Prediction: Fall, Confidence: 0.930755
2025-04-05 17:30:03,728 - [DEBUG] Buffer filling: 1000/1000
2025-04-05 17:30:04,010 - 2025-04-05 17:30:04 - Gyro Prediction: Fall, Confidence: 0.930755
2025-04-05 17:30:04,065 - [DEBUG] Buffer filling: 1000/1000
2025-04-05 17:30:04,328 - 2025-04-05 17:30:04 - Gyro Prediction: Fall, Confidence: 0.930755
2025-04-05 17:30:04,391 - [DEBUG] Buffer filling: 1000/1000
2025-04-05 17:30:04,661 - 2025-04-05 17:30:04 - Gyro Prediction: Fall, Confidence: 0.930755
2025-04-05 17:30:04,718 - [DEBUG] Buffer filling: 1000/1000
2025-04-05 17:30:04,985 - 2025-04-05 17:30:04 - Gyro Prediction: Fall, Confidence: 0.930755
2025-04-05 17:30:05,046 - [DEBUG] Buffer filling: 1000/1000
2025-04-05 17:30:05,396 - 2025-04-05 17:30:05 - Gyro Prediction: Fall, Confidence: 0.930755
2025-04-05 17:30:05,475 - [DEBUG] Buffer filling: 1000/1000
2025-04-05 17:30:05,798 - 2025-04-05 17:30:05 - Gyro Prediction: Fall, Confidence: 0.930755
2025-04-05 17:30:05,860 - [DEBUG] Buffer filling: 1000/1000
2025-04-05 17:30:06,167 - 2025-04-05 17:30:06 - Gyro Prediction: Fall, Confidence: 0.930755
2025-04-05 17:30:06,220 - [DEBUG] Buffer filling: 1000/1000
2025-04-05 17:30:06,514 - 2025-04-05 17:30:06 - Gyro Prediction: Fall, Confidence: 0.930755
2025-04-05 17:30:06,569 - [DEBUG] Buffer filling: 1000/1000
2025-04-05 17:30:06,893 - 2025-04-05 17:30:06 - Gyro Prediction: Fall, Confidence: 0.930755
2025-04-05 17:30:06,952 - [DEBUG] Buffer filling: 1000/1000
2025-04-05 17:30:07,226 - 2025-04-05 17:30:07 - Gyro Prediction: Fall, Confidence: 0.930755
2025-04-05 17:30:07,281 - [DEBUG] Buffer filling: 1000/1000
2025-04-05 17:30:07,561 - 2025-04-05 17:30:07 - Gyro Prediction: Fall, Confidence: 0.930755
2025-04-05 17:30:07,614 - [DEBUG] Buffer filling: 1000/1000
2025-04-05 17:30:07,962 - 2025-04-05 17:30:07 - Gyro Prediction: Fall, Confidence: 0.930755
2025-04-05 17:30:08,022 - [DEBUG] Buffer filling: 1000/1000
2025-04-05 17:30:08,280 - 2025-04-05 17:30:08 - Gyro Prediction: Fall, Confidence: 0.930755
2025-04-05 17:30:08,337 - [DEBUG] Buffer filling: 1000/1000
2025-04-05 17:30:08,621 - 2025-04-05 17:30:08 - Gyro Prediction: Fall, Confidence: 0.930755
2025-04-05 17:30:08,681 - [DEBUG] Buffer filling: 1000/1000
2025-04-05 17:30:08,944 - 2025-04-05 17:30:08 - Gyro Prediction: Fall, Confidence: 0.930755
2025-04-05 17:30:08,998 - [DEBUG] Buffer filling: 1000/1000
2025-04-05 17:30:09,282 - 2025-04-05 17:30:09 - Gyro Prediction: Fall, Confidence: 0.930755
2025-04-05 17:30:09,338 - [DEBUG] Buffer filling: 1000/1000
2025-04-05 17:30:09,613 - 2025-04-05 17:30:09 - Gyro Prediction: Fall, Confidence: 0.930755
2025-04-05 17:30:09,677 - [DEBUG] Buffer filling: 1000/1000
2025-04-05 17:30:09,957 - 2025-04-05 17:30:09 - Gyro Prediction: Fall, Confidence: 0.930755
2025-04-05 17:30:10,011 - [DEBUG] Buffer filling: 1000/1000
2025-04-05 17:30:10,280 - 2025-04-05 17:30:10 - Gyro Prediction: Fall, Confidence: 0.930755
2025-04-05 17:30:10,336 - [DEBUG] Buffer filling: 1000/1000
2025-04-05 17:30:10,595 - 2025-04-05 17:30:10 - Gyro Prediction: Fall, Confidence: 0.930755
2025-04-05 17:30:10,648 - [DEBUG] Buffer filling: 1000/1000
2025-04-05 17:30:10,931 - 2025-04-05 17:30:10 - Gyro Prediction: Fall, Confidence: 0.930755
2025-04-05 17:30:10,990 - [DEBUG] Buffer filling: 1000/1000
2025-04-05 17:30:11,310 - 2025-04-05 17:30:11 - Gyro Prediction: Fall, Confidence: 0.930755
2025-04-05 17:30:11,373 - [DEBUG] Buffer filling: 1000/1000
2025-04-05 17:30:11,651 - 2025-04-05 17:30:11 - Gyro Prediction: Fall, Confidence: 0.930755
2025-04-05 17:30:11,711 - [DEBUG] Buffer filling: 1000/1000
2025-04-05 17:30:11,977 - 2025-04-05 17:30:11 - Gyro Prediction: Fall, Confidence: 0.930755
2025-04-05 17:30:12,033 - [DEBUG] Buffer filling: 1000/1000
2025-04-05 17:30:12,324 - 2025-04-05 17:30:12 - Gyro Prediction: Fall, Confidence: 0.930755
2025-04-05 17:30:12,378 - [DEBUG] Buffer filling: 1000/1000
2025-04-05 17:30:12,643 - 2025-04-05 17:30:12 - Gyro Prediction: Fall, Confidence: 0.930755
2025-04-05 17:30:12,698 - [DEBUG] Buffer filling: 1000/1000
2025-04-05 17:30:12,963 - 2025-04-05 17:30:12 - Gyro Prediction: Fall, Confidence: 0.930755
2025-04-05 17:30:13,018 - [DEBUG] Buffer filling: 1000/1000
2025-04-05 17:30:13,299 - 2025-04-05 17:30:13 - Gyro Prediction: Fall, Confidence: 0.930755
2025-04-05 17:30:13,357 - [DEBUG] Buffer filling: 1000/1000
2025-04-05 17:30:13,657 - 2025-04-05 17:30:13 - Gyro Prediction: Fall, Confidence: 0.930755
2025-04-05 17:30:13,716 - [DEBUG] Buffer filling: 1000/1000
2025-04-05 17:30:13,975 - 2025-04-05 17:30:13 - Gyro Prediction: Fall, Confidence: 0.930755
2025-04-05 17:30:14,035 - [DEBUG] Buffer filling: 1000/1000
2025-04-05 17:30:14,303 - 2025-04-05 17:30:14 - Gyro Prediction: Fall, Confidence: 0.930755
2025-04-05 17:30:14,365 - [DEBUG] Buffer filling: 1000/1000
2025-04-05 17:30:14,658 - 2025-04-05 17:30:14 - Gyro Prediction: Fall, Confidence: 0.930755
2025-04-05 17:30:14,718 - [DEBUG] Buffer filling: 1000/1000
2025-04-05 17:30:15,007 - 2025-04-05 17:30:15 - Gyro Prediction: Fall, Confidence: 0.930755
2025-04-05 17:30:15,070 - [DEBUG] Buffer filling: 1000/1000
2025-04-05 17:30:15,353 - 2025-04-05 17:30:15 - Gyro Prediction: Fall, Confidence: 0.930755
2025-04-05 17:30:15,409 - [DEBUG] Buffer filling: 1000/1000
2025-04-05 17:30:15,707 - 2025-04-05 17:30:15 - Gyro Prediction: Fall, Confidence: 0.930755
2025-04-05 17:30:15,766 - [DEBUG] Buffer filling: 1000/1000
2025-04-05 17:30:16,070 - 2025-04-05 17:30:16 - Gyro Prediction: Fall, Confidence: 0.930755
2025-04-05 17:30:16,125 - [DEBUG] Buffer filling: 1000/1000
2025-04-05 17:30:16,402 - 2025-04-05 17:30:16 - Gyro Prediction: Fall, Confidence: 0.930755
2025-04-05 17:30:16,460 - [DEBUG] Buffer filling: 1000/1000
2025-04-05 17:30:16,822 - 2025-04-05 17:30:16 - Gyro Prediction: Fall, Confidence: 0.930755
2025-04-05 17:30:16,878 - [DEBUG] Buffer filling: 1000/1000
2025-04-05 17:30:17,143 - 2025-04-05 17:30:17 - Gyro Prediction: Fall, Confidence: 0.930755
2025-04-05 17:30:17,196 - [DEBUG] Buffer filling: 1000/1000
2025-04-05 17:30:17,466 - 2025-04-05 17:30:17 - Gyro Prediction: Fall, Confidence: 0.930755
2025-04-05 17:30:17,519 - [DEBUG] Buffer filling: 1000/1000
2025-04-05 17:30:17,780 - 2025-04-05 17:30:17 - Gyro Prediction: Fall, Confidence: 0.930755
2025-04-05 17:30:17,840 - [DEBUG] Buffer filling: 1000/1000
2025-04-05 17:30:18,114 - 2025-04-05 17:30:18 - Gyro Prediction: Fall, Confidence: 0.930755
2025-04-05 17:30:18,173 - [DEBUG] Buffer filling: 1000/1000
2025-04-05 17:30:18,457 - 2025-04-05 17:30:18 - Gyro Prediction: Fall, Confidence: 0.930755
2025-04-05 17:30:18,511 - [DEBUG] Buffer filling: 1000/1000
2025-04-05 17:30:18,848 - 2025-04-05 17:30:18 - Gyro Prediction: Fall, Confidence: 0.930755
2025-04-05 17:30:18,906 - [DEBUG] Buffer filling: 1000/1000
2025-04-05 17:30:19,195 - 2025-04-05 17:30:19 - Gyro Prediction: Fall, Confidence: 0.930755
2025-04-05 17:30:19,250 - [DEBUG] Buffer filling: 1000/1000
2025-04-05 17:30:19,507 - 2025-04-05 17:30:19 - Gyro Prediction: Fall, Confidence: 0.930755
2025-04-05 17:30:19,561 - [DEBUG] Buffer filling: 1000/1000
2025-04-05 17:30:19,826 - 2025-04-05 17:30:19 - Gyro Prediction: Fall, Confidence: 0.930755
2025-04-05 17:30:19,882 - [DEBUG] Buffer filling: 1000/1000
2025-04-05 17:30:20,198 - 2025-04-05 17:30:20 - Gyro Prediction: Fall, Confidence: 0.930755
2025-04-05 17:30:20,260 - [DEBUG] Buffer filling: 1000/1000
2025-04-05 17:30:20,569 - 2025-04-05 17:30:20 - Gyro Prediction: Fall, Confidence: 0.930755
2025-04-05 17:30:20,626 - [DEBUG] Buffer filling: 1000/1000
2025-04-05 17:30:20,908 - 2025-04-05 17:30:20 - Gyro Prediction: Fall, Confidence: 0.930755
2025-04-05 17:30:20,975 - [DEBUG] Buffer filling: 1000/1000
2025-04-05 17:30:21,281 - 2025-04-05 17:30:21 - Gyro Prediction: Fall, Confidence: 0.930755
2025-04-05 17:30:21,334 - [DEBUG] Buffer filling: 1000/1000
2025-04-05 17:30:21,595 - 2025-04-05 17:30:21 - Gyro Prediction: Fall, Confidence: 0.930755
2025-04-05 17:30:21,656 - [DEBUG] Buffer filling: 1000/1000
2025-04-05 17:30:21,911 - 2025-04-05 17:30:21 - Gyro Prediction: Fall, Confidence: 0.930755
2025-04-05 17:30:21,970 - [DEBUG] Buffer filling: 1000/1000
2025-04-05 17:30:22,228 - 2025-04-05 17:30:22 - Gyro Prediction: Fall, Confidence: 0.930755
2025-04-05 17:30:22,284 - [DEBUG] Buffer filling: 1000/1000
2025-04-05 17:30:22,551 - 2025-04-05 17:30:22 - Gyro Prediction: Fall, Confidence: 0.930755
2025-04-05 17:30:22,606 - [DEBUG] Buffer filling: 1000/1000
2025-04-05 17:30:22,892 - 2025-04-05 17:30:22 - Gyro Prediction: Fall, Confidence: 0.930755
2025-04-05 17:30:22,957 - [DEBUG] Buffer filling: 1000/1000
2025-04-05 17:30:23,273 - 2025-04-05 17:30:23 - Gyro Prediction: Fall, Confidence: 0.930755
2025-04-05 17:30:23,328 - [DEBUG] Buffer filling: 1000/1000
2025-04-05 17:30:23,642 - 2025-04-05 17:30:23 - Gyro Prediction: Fall, Confidence: 0.930755
2025-04-05 17:30:23,698 - [DEBUG] Buffer filling: 1000/1000
2025-04-05 17:30:23,984 - 2025-04-05 17:30:23 - Gyro Prediction: Fall, Confidence: 0.930755
2025-04-05 17:30:24,044 - [DEBUG] Buffer filling: 1000/1000
2025-04-05 17:30:24,332 - 2025-04-05 17:30:24 - Gyro Prediction: Fall, Confidence: 0.930755
2025-04-05 17:30:24,386 - [DEBUG] Buffer filling: 1000/1000
2025-04-05 17:30:24,741 - 2025-04-05 17:30:24 - Gyro Prediction: Fall, Confidence: 0.930755
2025-04-05 17:30:24,793 - [DEBUG] Buffer filling: 1000/1000
2025-04-05 17:30:25,089 - 2025-04-05 17:30:25 - Gyro Prediction: Fall, Confidence: 0.930755
2025-04-05 17:30:25,175 - [DEBUG] Buffer filling: 1000/1000
2025-04-05 17:30:25,483 - 2025-04-05 17:30:25 - Gyro Prediction: Fall, Confidence: 0.930755
2025-04-05 17:30:25,536 - [DEBUG] Buffer filling: 1000/1000
2025-04-05 17:30:25,813 - 2025-04-05 17:30:25 - Gyro Prediction: Fall, Confidence: 0.930755
2025-04-05 17:30:25,867 - [DEBUG] Buffer filling: 1000/1000
2025-04-05 17:30:26,163 - 2025-04-05 17:30:26 - Gyro Prediction: Fall, Confidence: 0.930755
2025-04-05 17:30:26,227 - [DEBUG] Buffer filling: 1000/1000
2025-04-05 17:30:26,525 - 2025-04-05 17:30:26 - Gyro Prediction: Fall, Confidence: 0.930755
2025-04-05 17:30:26,582 - [DEBUG] Buffer filling: 1000/1000
2025-04-05 17:30:26,860 - 2025-04-05 17:30:26 - Gyro Prediction: Fall, Confidence: 0.930755
2025-04-05 17:30:26,923 - [DEBUG] Buffer filling: 1000/1000
2025-04-05 17:30:27,210 - 2025-04-05 17:30:27 - Gyro Prediction: Fall, Confidence: 0.930755
2025-04-05 17:30:27,268 - [DEBUG] Buffer filling: 1000/1000
2025-04-05 17:30:27,517 - 2025-04-05 17:30:27 - Gyro Prediction: Fall, Confidence: 0.930755
2025-04-05 17:30:27,614 - [DEBUG] Buffer filling: 1000/1000
2025-04-05 17:30:27,909 - 2025-04-05 17:30:27 - Gyro Prediction: Fall, Confidence: 0.930754
2025-04-05 17:30:27,965 - [DEBUG] Buffer filling: 1000/1000
2025-04-05 17:30:28,312 - 2025-04-05 17:30:28 - Gyro Prediction: Fall, Confidence: 0.930754
2025-04-05 17:30:28,368 - [DEBUG] Buffer filling: 1000/1000
2025-04-05 17:30:28,665 - 2025-04-05 17:30:28 - Gyro Prediction: Fall, Confidence: 0.930754
2025-04-05 17:30:28,725 - [DEBUG] Buffer filling: 1000/1000
2025-04-05 17:30:28,984 - 2025-04-05 17:30:28 - Gyro Prediction: Fall, Confidence: 0.930754
2025-04-05 17:30:29,038 - [DEBUG] Buffer filling: 1000/1000
2025-04-05 17:30:29,348 - 2025-04-05 17:30:29 - Gyro Prediction: Fall, Confidence: 0.930754
2025-04-05 17:30:29,402 - [DEBUG] Buffer filling: 1000/1000
2025-04-05 17:30:29,757 - 2025-04-05 17:30:29 - Gyro Prediction: Fall, Confidence: 0.930754
2025-04-05 17:30:29,811 - [DEBUG] Buffer filling: 1000/1000
2025-04-05 17:30:30,110 - 2025-04-05 17:30:30 - Gyro Prediction: Fall, Confidence: 0.930754
2025-04-05 17:30:30,164 - [DEBUG] Buffer filling: 1000/1000
2025-04-05 17:30:30,429 - 2025-04-05 17:30:30 - Gyro Prediction: Fall, Confidence: 0.930754
2025-04-05 17:30:30,486 - [DEBUG] Buffer filling: 1000/1000
2025-04-05 17:30:30,745 - 2025-04-05 17:30:30 - Gyro Prediction: Fall, Confidence: 0.930754
2025-04-05 17:30:30,798 - [DEBUG] Buffer filling: 1000/1000
2025-04-05 17:30:31,066 - 2025-04-05 17:30:31 - Gyro Prediction: Fall, Confidence: 0.930754
2025-04-05 17:30:31,119 - [DEBUG] Buffer filling: 1000/1000
2025-04-05 17:30:31,391 - 2025-04-05 17:30:31 - Gyro Prediction: Fall, Confidence: 0.930754
2025-04-05 17:30:31,445 - [DEBUG] Buffer filling: 1000/1000
2025-04-05 17:30:31,733 - 2025-04-05 17:30:31 - Gyro Prediction: Fall, Confidence: 0.930754
2025-04-05 17:30:31,792 - [DEBUG] Buffer filling: 1000/1000
2025-04-05 17:30:32,097 - 2025-04-05 17:30:32 - Gyro Prediction: Fall, Confidence: 0.930754
2025-04-05 17:30:32,159 - [DEBUG] Buffer filling: 1000/1000
2025-04-05 17:30:32,476 - 2025-04-05 17:30:32 - Gyro Prediction: Fall, Confidence: 0.930754
2025-04-05 17:30:32,531 - [DEBUG] Buffer filling: 1000/1000
2025-04-05 17:30:32,793 - 2025-04-05 17:30:32 - Gyro Prediction: Fall, Confidence: 0.930754
2025-04-05 17:30:32,852 - [DEBUG] Buffer filling: 1000/1000
2025-04-05 17:30:33,107 - 2025-04-05 17:30:33 - Gyro Prediction: Fall, Confidence: 0.930754
2025-04-05 17:30:33,167 - [DEBUG] Buffer filling: 1000/1000
2025-04-05 17:30:33,441 - 2025-04-05 17:30:33 - Gyro Prediction: Fall, Confidence: 0.930754
2025-04-05 17:30:33,495 - [DEBUG] Buffer filling: 1000/1000
2025-04-05 17:30:33,780 - 2025-04-05 17:30:33 - Gyro Prediction: Fall, Confidence: 0.930754
2025-04-05 17:30:33,833 - [DEBUG] Buffer filling: 1000/1000
2025-04-05 17:30:34,144 - 2025-04-05 17:30:34 - Gyro Prediction: Fall, Confidence: 0.930754
2025-04-05 17:30:34,202 - [DEBUG] Buffer filling: 1000/1000
2025-04-05 17:30:34,570 - 2025-04-05 17:30:34 - Gyro Prediction: Fall, Confidence: 0.930754
2025-04-05 17:30:34,628 - [DEBUG] Buffer filling: 1000/1000
2025-04-05 17:30:34,917 - 2025-04-05 17:30:34 - Gyro Prediction: Fall, Confidence: 0.930754
2025-04-05 17:30:34,981 - [DEBUG] Buffer filling: 1000/1000
2025-04-05 17:30:35,248 - 2025-04-05 17:30:35 - Gyro Prediction: Fall, Confidence: 0.930754
2025-04-05 17:30:35,307 - [DEBUG] Buffer filling: 1000/1000
2025-04-05 17:30:35,550 - 2025-04-05 17:30:35 - Gyro Prediction: Fall, Confidence: 0.930754
2025-04-05 17:30:35,611 - [DEBUG] Buffer filling: 1000/1000
2025-04-05 17:30:35,865 - 2025-04-05 17:30:35 - Gyro Prediction: Fall, Confidence: 0.930754
2025-04-05 17:30:35,920 - [DEBUG] Buffer filling: 1000/1000
2025-04-05 17:30:36,197 - 2025-04-05 17:30:36 - Gyro Prediction: Fall, Confidence: 0.930754
2025-04-05 17:30:36,256 - [DEBUG] Buffer filling: 1000/1000
2025-04-05 17:30:36,547 - 2025-04-05 17:30:36 - Gyro Prediction: Fall, Confidence: 0.930754
2025-04-05 17:30:36,627 - [DEBUG] Buffer filling: 1000/1000
2025-04-05 17:30:36,955 - 2025-04-05 17:30:36 - Gyro Prediction: Fall, Confidence: 0.930754
2025-04-05 17:30:37,015 - [DEBUG] Buffer filling: 1000/1000
2025-04-05 17:30:37,277 - 2025-04-05 17:30:37 - Gyro Prediction: Fall, Confidence: 0.930754
2025-04-05 17:30:37,335 - [DEBUG] Buffer filling: 1000/1000
2025-04-05 17:30:37,608 - 2025-04-05 17:30:37 - Gyro Prediction: Fall, Confidence: 0.930754
2025-04-05 17:30:37,666 - [DEBUG] Buffer filling: 1000/1000
2025-04-05 17:30:37,983 - 2025-04-05 17:30:37 - Gyro Prediction: Fall, Confidence: 0.930754
2025-04-05 17:30:38,041 - [DEBUG] Buffer filling: 1000/1000
2025-04-05 17:30:38,349 - 2025-04-05 17:30:38 - Gyro Prediction: Fall, Confidence: 0.930754
2025-04-05 17:30:38,460 - [DEBUG] Buffer filling: 1000/1000
2025-04-05 17:30:38,827 - 2025-04-05 17:30:38 - Gyro Prediction: Fall, Confidence: 0.930754
2025-04-05 17:30:38,883 - [DEBUG] Buffer filling: 1000/1000
2025-04-05 17:30:39,253 - 2025-04-05 17:30:39 - Gyro Prediction: Fall, Confidence: 0.930754
2025-04-05 17:30:39,307 - [INFO] Gyro thread stopping...
2025-04-05 17:30:40,935 - [INFO] Shutting down logging and stopping threads...
